<?xml version="1.0" encoding="UTF-8"?>
<testsuite name="controllers.MortgageTest" tests="1" skipped="0" failures="0" errors="0" timestamp="2017-11-06T06:32:22" hostname="RAYTHINKPAD" time="0.004">
  <properties/>
  <testcase name="calculateMortgage" classname="controllers.MortgageTest" time="0.004"/>
  <system-out><![CDATA[]]></system-out>
  <system-err><![CDATA[]]></system-err>
</testsuite>
